Plugins:
Bundled analyzers:
  - Python Code Quality and Security 4.7.0.12181 (python)
  - Clean as You Code 2.1.0.500 (cayc)
  - Go Code Quality and Security 1.14.0.4481 (go)
  - JaCoCo 1.3.0.1538 (jacoco)
  - Kotlin Code Quality and Security 2.17.0.2902 (kotlin)
  - IaC Code Quality and Security 1.20.0.5654 (iac)
  - JavaScript/TypeScript/CSS Code Quality and Security 10.5.1.22382 (javascript)
  - Ruby Code Quality and Security 1.14.0.4481 (ruby)
  - Scala Code Quality and Security 1.14.0.4481 (sonarscala)
  - C# Code Quality and Security 9.8.0.76515 (csharp)
  - Java Code Quality and Security 7.24.0.32100 (java)
  - HTML Code Quality and Security 3.9.0.3600 (web)
  - Flex Code Quality and Security 2.10.0.3458 (flex)
  - XML Code Quality and Security 2.10.0.4108 (xml)
  - PHP Code Quality and Security 3.32.0.10180 (php)
  - Text Code Quality and Security 2.3.0.1632 (text)
  - VB.NET Code Quality and Security 9.8.0.76515 (vbnet)
  - Configuration detection for Code Quality and Security 1.3.0.654 (config)
Global server settings:
  - sonar.core.id=147B411E-AYuARTEOCSdfyFf3R-z2
  - sonar.core.startTime=2023-12-06T14:38:30+0530
  - sonar.forceAuthentication=true
  - sonar.plugins.risk.consent=ACCEPTED
Project server settings:
Project scanner properties:
  - sonar.host.url=http://localhost:9000
  - sonar.junit.reportsPath=sonar-reports/TEST-report.xml
  - sonar.language=swift
  - sonar.login=******
  - sonar.password=******
  - sonar.projectBaseDir=/Users/aman/Documents/SDK/Contlo-iOS-SDK/Example
  - sonar.projectDescription=This is the Sonar demo application for the code quality check
  - sonar.projectKey=iOS-test
  - sonar.projectName=iOS
  - sonar.scanner.app=ScannerCLI
  - sonar.scanner.appVersion=5.0.1.3006
  - sonar.sourceEncoding=UTF-8
  - sonar.sources=Contlo-iOS-SDK
  - sonar.swift.appConfiguration=Debug
  - sonar.swift.appName=Contlo-iOS-SDK_Example
  - sonar.swift.appScheme=Contlo-iOS-SDK-Example
  - sonar.swift.coverage.reportPattern=sonar-reports/coverage-swift*.xml
  - sonar.swift.project=Contlo-iOS-SDK.xcodeproj
  - sonar.swift.simulator=platform=iOS Simulator,name=iPhone 15,OS=17.0
  - sonar.swift.swiftlint.report=sonar-reports/*swiftlint.txt
  - sonar.swift.tailor.config=--no-color --max-line-length=100 --max-file-length=500 --max-name-length=40 --max-name-length=40 --min-name-length=4
  - sonar.swift.tailor.report=sonar-reports/*tailor.txt
  - sonar.swift.workspace=Contlo-iOS-SDK.xcworkspace
  - sonar.tests=Tests
  - sonar.verbose=true
  - sonar.working.directory=/Users/aman/Documents/SDK/Contlo-iOS-SDK/Example/.scannerwork
